This file contains any messages produced by compilers while
running configure, to aid debugging if configure makes a mistake.

It was created by Open-ILS configure trunk, which was
generated by GNU Autoconf 2.64.  Invocation command line was

  $ ./configure --prefix=/openils --sysconfdir=/openils/conf

## --------- ##
## Platform. ##
## --------- ##

hostname = testbox
uname -m = i686
uname -r = 2.6.26-2-686
uname -s = Linux
uname -v = #1 SMP Thu Nov 25 01:53:57 UTC 2010

/usr/bin/uname -p = unknown
/bin/uname -X     = unknown

/bin/arch              = unknown
/usr/bin/arch -k       = unknown
/usr/convex/getsysinfo = unknown
/usr/bin/hostinfo      = unknown
/bin/machine           = unknown
/usr/bin/oslevel       = unknown
/bin/universe          = unknown

PATH: /openils/bin
PATH: /usr/local/bin
PATH: /usr/bin
PATH: /bin
PATH: /usr/games


## ----------- ##
## Core tests. ##
## ----------- ##

configure:2444: checking for a BSD-compatible install
configure:2512: result: /usr/bin/install -c
configure:2523: checking whether build environment is sane
configure:2573: result: yes
configure:2714: checking for a thread-safe mkdir -p
configure:2753: result: /bin/mkdir -p
configure:2766: checking for gawk
configure:2796: result: no
configure:2766: checking for mawk
configure:2782: found /usr/bin/mawk
configure:2793: result: mawk
configure:2804: checking whether make sets $(MAKE)
configure:2826: result: yes
configure:2945: checking build system type
configure:2959: result: i686-pc-linux-gnu
configure:2979: checking host system type
configure:2992: result: i686-pc-linux-gnu
configure:3024: checking for style of include used by make
configure:3052: result: GNU
configure:3122: checking for gcc
configure:3138: found /usr/bin/gcc
configure:3149: result: gcc
configure:3378: checking for C compiler version
configure:3387: gcc --version >&5
gcc (Debian 4.3.2-1.1) 4.3.2
Copyright (C) 2008 Free Software Foundation, Inc.
This is free software; see the source for copying conditions.  There is NO
warranty; not even for MERCHANTABILITY or FITNESS FOR A PARTICULAR PURPOSE.

configure:3398: $? = 0
configure:3387: gcc -v >&5
Using built-in specs.
Target: i486-linux-gnu
Configured with: ../src/configure -v --with-pkgversion='Debian 4.3.2-1.1' --with-bugurl=file:///usr/share/doc/gcc-4.3/README.Bugs --enable-languages=c,c++,fortran,objc,obj-c++ --prefix=/usr --enable-shared --with-system-zlib --libexecdir=/usr/lib --without-included-gettext --enable-threads=posix --enable-nls --with-gxx-include-dir=/usr/include/c++/4.3 --program-suffix=-4.3 --enable-clocale=gnu --enable-libstdcxx-debug --enable-objc-gc --enable-mpfr --enable-targets=all --enable-cld --enable-checking=release --build=i486-linux-gnu --host=i486-linux-gnu --target=i486-linux-gnu
Thread model: posix
gcc version 4.3.2 (Debian 4.3.2-1.1) 
configure:3398: $? = 0
configure:3387: gcc -V >&5
gcc: '-V' option must have argument
configure:3398: $? = 1
configure:3387: gcc -qversion >&5
gcc: unrecognized option '-qversion'
gcc: no input files
configure:3398: $? = 1
configure:3420: checking for C compiler default output file name
configure:3442: gcc    conftest.c  >&5
configure:3446: $? = 0
configure:3483: result: a.out
configure:3499: checking whether the C compiler works
configure:3508: ./a.out
configure:3512: $? = 0
configure:3527: result: yes
configure:3534: checking whether we are cross compiling
configure:3536: result: no
configure:3539: checking for suffix of executables
configure:3546: gcc -o conftest    conftest.c  >&5
configure:3550: $? = 0
configure:3572: result: 
configure:3578: checking for suffix of object files
configure:3600: gcc -c   conftest.c >&5
configure:3604: $? = 0
configure:3625: result: o
configure:3629: checking whether we are using the GNU C compiler
configure:3648: gcc -c   conftest.c >&5
configure:3648: $? = 0
configure:3657: result: yes
configure:3666: checking whether gcc accepts -g
configure:3686: gcc -c -g  conftest.c >&5
configure:3686: $? = 0
configure:3727: result: yes
configure:3744: checking for gcc option to accept ISO C89
configure:3808: gcc  -c -g -O2  conftest.c >&5
configure:3808: $? = 0
configure:3821: result: none needed
configure:3843: checking dependency style of gcc
configure:3953: result: gcc3
configure:3968: checking for a sed that does not truncate output
configure:4032: result: /bin/sed
configure:4050: checking for grep that handles long lines and -e
configure:4108: result: /bin/grep
configure:4113: checking for egrep
configure:4175: result: /bin/grep -E
configure:4180: checking for fgrep
configure:4242: result: /bin/grep -F
configure:4277: checking for ld used by gcc
configure:4344: result: /usr/bin/ld
configure:4351: checking if the linker (/usr/bin/ld) is GNU ld
configure:4366: result: yes
configure:4378: checking for BSD- or MS-compatible name lister (nm)
configure:4427: result: /usr/bin/nm -B
configure:4545: checking the name lister (/usr/bin/nm -B) interface
configure:4552: gcc -c -g -O2  conftest.c >&5
configure:4555: /usr/bin/nm -B "conftest.o"
configure:4558: output
00000000 B some_variable
configure:4565: result: BSD nm
configure:4568: checking whether ln -s works
configure:4572: result: yes
configure:4580: checking the maximum length of command line arguments
configure:4700: result: 98304
configure:4717: checking whether the shell understands some XSI constructs
configure:4727: result: yes
configure:4731: checking whether the shell understands "+="
configure:4737: result: yes
configure:4772: checking for /usr/bin/ld option to reload object files
configure:4779: result: -r
configure:4848: checking for objdump
configure:4864: found /usr/bin/objdump
configure:4875: result: objdump
configure:4907: checking how to recognize dependent libraries
configure:5103: result: pass_all
configure:5163: checking for ar
configure:5179: found /usr/bin/ar
configure:5190: result: ar
configure:5268: checking for strip
configure:5284: found /usr/bin/strip
configure:5295: result: strip
configure:5367: checking for ranlib
configure:5383: found /usr/bin/ranlib
configure:5394: result: ranlib
configure:5484: checking command to parse /usr/bin/nm -B output from gcc object
configure:5602: gcc -c -g -O2  conftest.c >&5
configure:5605: $? = 0
configure:5609: /usr/bin/nm -B conftest.o \| sed -n -e 's/^.*[	 ]\([ABCDGIRSTW][ABCDGIRSTW]*\)[	 ][	 ]*\([_A-Za-z][_A-Za-z0-9]*\)$/\1 \2 \2/p' \> conftest.nm
configure:5612: $? = 0
configure:5666: gcc -o conftest -g -O2   conftest.c conftstm.o >&5
configure:5669: $? = 0
configure:5707: result: ok
configure:6516: checking how to run the C preprocessor
configure:6547: gcc -E  conftest.c
configure:6547: $? = 0
configure:6561: gcc -E  conftest.c
conftest.c:11:28: error: ac_nonexistent.h: No such file or directory
configure:6561: $? = 1
configure: failed program was:
| /* confdefs.h */
| #define PACKAGE_NAME "Open-ILS"
| #define PACKAGE_TARNAME "open-ils"
| #define PACKAGE_VERSION "trunk"
| #define PACKAGE_STRING "Open-ILS trunk"
| #define PACKAGE_BUGREPORT "open-ils-dev@list.georgialibraries.org"
| #define PACKAGE_URL ""
| #define PACKAGE "OpenILS"
| #define VERSION "trunk"
| /* end confdefs.h.  */
| #include <ac_nonexistent.h>
configure:6586: result: gcc -E
configure:6606: gcc -E  conftest.c
configure:6606: $? = 0
configure:6620: gcc -E  conftest.c
conftest.c:11:28: error: ac_nonexistent.h: No such file or directory
configure:6620: $? = 1
configure: failed program was:
| /* confdefs.h */
| #define PACKAGE_NAME "Open-ILS"
| #define PACKAGE_TARNAME "open-ils"
| #define PACKAGE_VERSION "trunk"
| #define PACKAGE_STRING "Open-ILS trunk"
| #define PACKAGE_BUGREPORT "open-ils-dev@list.georgialibraries.org"
| #define PACKAGE_URL ""
| #define PACKAGE "OpenILS"
| #define VERSION "trunk"
| /* end confdefs.h.  */
| #include <ac_nonexistent.h>
configure:6649: checking for ANSI C header files
configure:6669: gcc -c -g -O2  conftest.c >&5
configure:6669: $? = 0
configure:6742: gcc -o conftest -g -O2   conftest.c  >&5
configure:6742: $? = 0
configure:6742: ./conftest
configure:6742: $? = 0
configure:6753: result: yes
configure:6766: checking for sys/types.h
configure:6766: gcc -c -g -O2  conftest.c >&5
configure:6766: $? = 0
configure:6766: result: yes
configure:6766: checking for sys/stat.h
configure:6766: gcc -c -g -O2  conftest.c >&5
configure:6766: $? = 0
configure:6766: result: yes
configure:6766: checking for stdlib.h
configure:6766: gcc -c -g -O2  conftest.c >&5
configure:6766: $? = 0
configure:6766: result: yes
configure:6766: checking for string.h
configure:6766: gcc -c -g -O2  conftest.c >&5
configure:6766: $? = 0
configure:6766: result: yes
configure:6766: checking for memory.h
configure:6766: gcc -c -g -O2  conftest.c >&5
configure:6766: $? = 0
configure:6766: result: yes
configure:6766: checking for strings.h
configure:6766: gcc -c -g -O2  conftest.c >&5
configure:6766: $? = 0
configure:6766: result: yes
configure:6766: checking for inttypes.h
configure:6766: gcc -c -g -O2  conftest.c >&5
configure:6766: $? = 0
configure:6766: result: yes
configure:6766: checking for stdint.h
configure:6766: gcc -c -g -O2  conftest.c >&5
configure:6766: $? = 0
configure:6766: result: yes
configure:6766: checking for unistd.h
configure:6766: gcc -c -g -O2  conftest.c >&5
configure:6766: $? = 0
configure:6766: result: yes
configure:6781: checking for dlfcn.h
configure:6781: gcc -c -g -O2  conftest.c >&5
configure:6781: $? = 0
configure:6781: result: yes
configure:6965: checking for objdir
configure:6980: result: .libs
configure:7272: checking if gcc supports -fno-rtti -fno-exceptions
configure:7290: gcc -c -g -O2  -fno-rtti -fno-exceptions conftest.c >&5
cc1: warning: command line option "-fno-rtti" is valid for C++/ObjC++ but not for C
configure:7294: $? = 0
configure:7307: result: no
configure:7327: checking for gcc option to produce PIC
configure:7599: result: -fPIC -DPIC
configure:7611: checking if gcc PIC flag -fPIC -DPIC works
configure:7629: gcc -c -g -O2  -fPIC -DPIC -DPIC conftest.c >&5
configure:7633: $? = 0
configure:7646: result: yes
configure:7670: checking if gcc static flag -static works
configure:7698: result: yes
configure:7713: checking if gcc supports -c -o file.o
configure:7734: gcc -c -g -O2  -o out/conftest2.o conftest.c >&5
configure:7738: $? = 0
configure:7760: result: yes
configure:7768: checking if gcc supports -c -o file.o
configure:7815: result: yes
configure:7848: checking whether the gcc linker (/usr/bin/ld) supports shared libraries
configure:8838: result: yes
configure:8875: checking whether -lc should be explicitly linked in
configure:8880: gcc -c -g -O2  conftest.c >&5
configure:8883: $? = 0
configure:8898: gcc -shared conftest.o  -v -Wl,-soname -Wl,conftest -o conftest 2\>\&1 \| /bin/grep  -lc  \>/dev/null 2\>\&1
configure:8901: $? = 0
configure:8913: result: no
configure:9077: checking dynamic linker characteristics
configure:9510: gcc -o conftest -g -O2   -Wl,-rpath -Wl,/foo conftest.c  >&5
configure:9510: $? = 0
configure:9740: result: GNU/Linux ld.so
configure:9842: checking how to hardcode library paths into programs
configure:9867: result: immediate
configure:10387: checking whether stripping libraries is possible
configure:10392: result: yes
configure:10427: checking if libtool supports shared libraries
configure:10429: result: yes
configure:10432: checking whether to build shared libraries
configure:10453: result: yes
configure:10456: checking whether to build static libraries
configure:10460: result: yes
configure:10543: checking for gcc
configure:10570: result: gcc
configure:10799: checking for C compiler version
configure:10808: gcc --version >&5
gcc (Debian 4.3.2-1.1) 4.3.2
Copyright (C) 2008 Free Software Foundation, Inc.
This is free software; see the source for copying conditions.  There is NO
warranty; not even for MERCHANTABILITY or FITNESS FOR A PARTICULAR PURPOSE.

configure:10819: $? = 0
configure:10808: gcc -v >&5
Using built-in specs.
Target: i486-linux-gnu
Configured with: ../src/configure -v --with-pkgversion='Debian 4.3.2-1.1' --with-bugurl=file:///usr/share/doc/gcc-4.3/README.Bugs --enable-languages=c,c++,fortran,objc,obj-c++ --prefix=/usr --enable-shared --with-system-zlib --libexecdir=/usr/lib --without-included-gettext --enable-threads=posix --enable-nls --with-gxx-include-dir=/usr/include/c++/4.3 --program-suffix=-4.3 --enable-clocale=gnu --enable-libstdcxx-debug --enable-objc-gc --enable-mpfr --enable-targets=all --enable-cld --enable-checking=release --build=i486-linux-gnu --host=i486-linux-gnu --target=i486-linux-gnu
Thread model: posix
gcc version 4.3.2 (Debian 4.3.2-1.1) 
configure:10819: $? = 0
configure:10808: gcc -V >&5
gcc: '-V' option must have argument
configure:10819: $? = 1
configure:10808: gcc -qversion >&5
gcc: unrecognized option '-qversion'
gcc: no input files
configure:10819: $? = 1
configure:10823: checking whether we are using the GNU C compiler
configure:10851: result: yes
configure:10860: checking whether gcc accepts -g
configure:10921: result: yes
configure:10938: checking for gcc option to accept ISO C89
configure:11015: result: none needed
configure:11037: checking dependency style of gcc
configure:11147: result: gcc3
configure:11163: checking whether ln -s works
configure:11167: result: yes
configure:11174: checking whether make sets $(MAKE)
configure:11196: result: yes
configure:11373: checking for memcached
configure:11389: found /usr/bin/memcached
configure:11401: result: yes
configure:11415: checking for aspell
configure:11431: found /usr/bin/aspell
configure:11443: result: yes
configure:11457: checking for cpan
configure:11473: found /usr/bin/cpan
configure:11485: result: yes
configure:11499: checking for yaz-config
configure:11515: found /usr/bin/yaz-config
configure:11527: result: yes
configure:11541: checking for perl
configure:11557: found /usr/bin/perl
configure:11569: result: yes
configure:11652: checking for -lopensrf
configure:11655: result: yes
configure:11664: checking for dlopen in -ldl
configure:11689: gcc -o conftest -g -O2   conftest.c -ldl   >&5
configure:11689: $? = 0
configure:11698: result: yes
configure:11711: checking for dbi_initialize in -ldbi
configure:11736: gcc -o conftest -g -O2   conftest.c -ldbi  -ldl  >&5
configure:11736: $? = 0
configure:11745: result: yes
configure:11760: checking for libdbi pgsql driver (dynamic load)
configure:11779: gcc -o conftest -g -O2   conftest.c -ldbi -ldl  >&5
configure:11779: $? = 0
configure:11779: ./conftest
configure:11779: $? = 0
configure:11780: result: "yes"
configure:11793: checking for main in -lexpat
configure:11812: gcc -o conftest -g -O2   conftest.c -lexpat  -ldbi -ldl  >&5
configure:11812: $? = 0
configure:11821: result: yes
configure:11834: checking for main in -lreadline
configure:11853: gcc -o conftest -g -O2   conftest.c -lreadline  -lexpat -ldbi -ldl  >&5
configure:11853: $? = 0
configure:11862: result: yes
configure:11875: checking for main in -lxml2
configure:11894: gcc -o conftest -g -O2   conftest.c -lxml2  -lreadline -lexpat -ldbi -ldl  >&5
configure:11894: $? = 0
configure:11903: result: yes
configure:11916: checking for main in -lxslt
configure:11935: gcc -o conftest -g -O2   conftest.c -lxslt  -lxml2 -lreadline -lexpat -ldbi -ldl  >&5
configure:11935: $? = 0
configure:11944: result: yes
configure:11957: checking for main in -lperl
configure:11976: gcc -o conftest -g -O2   conftest.c -lperl  -lxslt -lxml2 -lreadline -lexpat -ldbi -ldl  >&5
configure:11976: $? = 0
configure:11985: result: yes
configure:11998: checking for main in -lpq
configure:12017: gcc -o conftest -g -O2   conftest.c -lpq  -lperl -lxslt -lxml2 -lreadline -lexpat -ldbi -ldl  >&5
configure:12017: $? = 0
configure:12026: result: yes
configure:12045: checking for ANSI C header files
configure:12149: result: yes
configure:12160: checking fcntl.h usability
configure:12160: gcc -c -g -O2  conftest.c >&5
configure:12160: $? = 0
configure:12160: result: yes
configure:12160: checking fcntl.h presence
configure:12160: gcc -E  conftest.c
configure:12160: $? = 0
configure:12160: result: yes
configure:12160: checking for fcntl.h
configure:12160: result: yes
configure:12160: checking langinfo.h usability
configure:12160: gcc -c -g -O2  conftest.c >&5
configure:12160: $? = 0
configure:12160: result: yes
configure:12160: checking langinfo.h presence
configure:12160: gcc -E  conftest.c
configure:12160: $? = 0
configure:12160: result: yes
configure:12160: checking for langinfo.h
configure:12160: result: yes
configure:12160: checking locale.h usability
configure:12160: gcc -c -g -O2  conftest.c >&5
configure:12160: $? = 0
configure:12160: result: yes
configure:12160: checking locale.h presence
configure:12160: gcc -E  conftest.c
configure:12160: $? = 0
configure:12160: result: yes
configure:12160: checking for locale.h
configure:12160: result: yes
configure:12160: checking for stdlib.h
configure:12160: result: yes
configure:12160: checking for string.h
configure:12160: result: yes
configure:12160: checking for unistd.h
configure:12160: result: yes
configure:12176: checking for an ANSI C-conforming const
configure:12241: gcc -c -g -O2  conftest.c >&5
configure:12241: $? = 0
configure:12248: result: yes
configure:12256: checking for size_t
configure:12256: gcc -c -g -O2  conftest.c >&5
configure:12256: $? = 0
configure:12256: gcc -c -g -O2  conftest.c >&5
conftest.c: In function 'main':
conftest.c:74: error: expected expression before ')' token
configure:12256: $? = 1
configure: failed program was:
| /* confdefs.h */
| #define PACKAGE_NAME "Open-ILS"
| #define PACKAGE_TARNAME "open-ils"
| #define PACKAGE_VERSION "trunk"
| #define PACKAGE_STRING "Open-ILS trunk"
| #define PACKAGE_BUGREPORT "open-ils-dev@list.georgialibraries.org"
| #define PACKAGE_URL ""
| #define PACKAGE "OpenILS"
| #define VERSION "trunk"
| #define STDC_HEADERS 1
| #define HAVE_SYS_TYPES_H 1
| #define HAVE_SYS_STAT_H 1
| #define HAVE_STDLIB_H 1
| #define HAVE_STRING_H 1
| #define HAVE_MEMORY_H 1
| #define HAVE_STRINGS_H 1
| #define HAVE_INTTYPES_H 1
| #define HAVE_STDINT_H 1
| #define HAVE_UNISTD_H 1
| #define HAVE_DLFCN_H 1
| #define LT_OBJDIR ".libs/"
| #define HAVE_LIBDL 1
| #define HAVE_LIBDBI 1
| #define HAVE_LIBEXPAT 1
| #define HAVE_LIBREADLINE 1
| #define HAVE_LIBXML2 1
| #define HAVE_LIBXSLT 1
| #define HAVE_LIBPERL 1
| #define HAVE_LIBPQ 1
| #define STDC_HEADERS 1
| #define HAVE_FCNTL_H 1
| #define HAVE_LANGINFO_H 1
| #define HAVE_LOCALE_H 1
| #define HAVE_STDLIB_H 1
| #define HAVE_STRING_H 1
| #define HAVE_UNISTD_H 1
| /* end confdefs.h.  */
| #include <stdio.h>
| #ifdef HAVE_SYS_TYPES_H
| # include <sys/types.h>
| #endif
| #ifdef HAVE_SYS_STAT_H
| # include <sys/stat.h>
| #endif
| #ifdef STDC_HEADERS
| # include <stdlib.h>
| # include <stddef.h>
| #else
| # ifdef HAVE_STDLIB_H
| #  include <stdlib.h>
| # endif
| #endif
| #ifdef HAVE_STRING_H
| # if !defined STDC_HEADERS && defined HAVE_MEMORY_H
| #  include <memory.h>
| # endif
| # include <string.h>
| #endif
| #ifdef HAVE_STRINGS_H
| # include <strings.h>
| #endif
| #ifdef HAVE_INTTYPES_H
| # include <inttypes.h>
| #endif
| #ifdef HAVE_STDINT_H
| # include <stdint.h>
| #endif
| #ifdef HAVE_UNISTD_H
| # include <unistd.h>
| #endif
| int
| main ()
| {
| if (sizeof ((size_t)))
| 	    return 0;
|   ;
|   return 0;
| }
configure:12256: result: yes
configure:12267: checking whether struct tm is in sys/time.h or time.h
configure:12287: gcc -c -g -O2  conftest.c >&5
configure:12287: $? = 0
configure:12294: result: time.h
configure:12302: checking for stdbool.h that conforms to C99
configure:12387: gcc -c -g -O2  conftest.c >&5
configure:12387: $? = 0
configure:12394: result: yes
configure:12396: checking for _Bool
configure:12396: gcc -c -g -O2  conftest.c >&5
configure:12396: $? = 0
configure:12396: gcc -c -g -O2  conftest.c >&5
conftest.c: In function 'main':
conftest.c:74: error: expected expression before ')' token
configure:12396: $? = 1
configure: failed program was:
| /* confdefs.h */
| #define PACKAGE_NAME "Open-ILS"
| #define PACKAGE_TARNAME "open-ils"
| #define PACKAGE_VERSION "trunk"
| #define PACKAGE_STRING "Open-ILS trunk"
| #define PACKAGE_BUGREPORT "open-ils-dev@list.georgialibraries.org"
| #define PACKAGE_URL ""
| #define PACKAGE "OpenILS"
| #define VERSION "trunk"
| #define STDC_HEADERS 1
| #define HAVE_SYS_TYPES_H 1
| #define HAVE_SYS_STAT_H 1
| #define HAVE_STDLIB_H 1
| #define HAVE_STRING_H 1
| #define HAVE_MEMORY_H 1
| #define HAVE_STRINGS_H 1
| #define HAVE_INTTYPES_H 1
| #define HAVE_STDINT_H 1
| #define HAVE_UNISTD_H 1
| #define HAVE_DLFCN_H 1
| #define LT_OBJDIR ".libs/"
| #define HAVE_LIBDL 1
| #define HAVE_LIBDBI 1
| #define HAVE_LIBEXPAT 1
| #define HAVE_LIBREADLINE 1
| #define HAVE_LIBXML2 1
| #define HAVE_LIBXSLT 1
| #define HAVE_LIBPERL 1
| #define HAVE_LIBPQ 1
| #define STDC_HEADERS 1
| #define HAVE_FCNTL_H 1
| #define HAVE_LANGINFO_H 1
| #define HAVE_LOCALE_H 1
| #define HAVE_STDLIB_H 1
| #define HAVE_STRING_H 1
| #define HAVE_UNISTD_H 1
| /* end confdefs.h.  */
| #include <stdio.h>
| #ifdef HAVE_SYS_TYPES_H
| # include <sys/types.h>
| #endif
| #ifdef HAVE_SYS_STAT_H
| # include <sys/stat.h>
| #endif
| #ifdef STDC_HEADERS
| # include <stdlib.h>
| # include <stddef.h>
| #else
| # ifdef HAVE_STDLIB_H
| #  include <stdlib.h>
| # endif
| #endif
| #ifdef HAVE_STRING_H
| # if !defined STDC_HEADERS && defined HAVE_MEMORY_H
| #  include <memory.h>
| # endif
| # include <string.h>
| #endif
| #ifdef HAVE_STRINGS_H
| # include <strings.h>
| #endif
| #ifdef HAVE_INTTYPES_H
| # include <inttypes.h>
| #endif
| #ifdef HAVE_STDINT_H
| # include <stdint.h>
| #endif
| #ifdef HAVE_UNISTD_H
| # include <unistd.h>
| #endif
| int
| main ()
| {
| if (sizeof ((_Bool)))
| 	    return 0;
|   ;
|   return 0;
| }
configure:12396: result: yes
configure:12419: checking for strftime
configure:12419: gcc -o conftest -g -O2   conftest.c -lpq -lperl -lxslt -lxml2 -lreadline -lexpat -ldbi -ldl  >&5
conftest.c:63: warning: conflicting types for built-in function 'strftime'
configure:12419: $? = 0
configure:12419: result: yes
configure:12472: checking for working strtod
configure:12513: gcc -o conftest -g -O2   conftest.c -lpq -lperl -lxslt -lxml2 -lreadline -lexpat -ldbi -ldl  >&5
configure:12513: $? = 0
configure:12513: ./conftest
configure:12513: $? = 0
configure:12523: result: yes
configure:12588: checking for localtime_r
configure:12588: gcc -o conftest -g -O2   conftest.c -lpq -lperl -lxslt -lxml2 -lreadline -lexpat -ldbi -ldl  >&5
configure:12588: $? = 0
configure:12588: result: yes
configure:12588: checking for memset
configure:12588: gcc -o conftest -g -O2   conftest.c -lpq -lperl -lxslt -lxml2 -lreadline -lexpat -ldbi -ldl  >&5
conftest.c:65: warning: conflicting types for built-in function 'memset'
configure:12588: $? = 0
configure:12588: result: yes
configure:12588: checking for nl_langinfo
configure:12588: gcc -o conftest -g -O2   conftest.c -lpq -lperl -lxslt -lxml2 -lreadline -lexpat -ldbi -ldl  >&5
configure:12588: $? = 0
configure:12588: result: yes
configure:12588: checking for setlocale
configure:12588: gcc -o conftest -g -O2   conftest.c -lpq -lperl -lxslt -lxml2 -lreadline -lexpat -ldbi -ldl  >&5
configure:12588: $? = 0
configure:12588: result: yes
configure:12588: checking for strcasecmp
configure:12588: gcc -o conftest -g -O2   conftest.c -lpq -lperl -lxslt -lxml2 -lreadline -lexpat -ldbi -ldl  >&5
conftest.c:68: warning: conflicting types for built-in function 'strcasecmp'
configure:12588: $? = 0
configure:12588: result: yes
configure:12588: checking for strchr
configure:12588: gcc -o conftest -g -O2   conftest.c -lpq -lperl -lxslt -lxml2 -lreadline -lexpat -ldbi -ldl  >&5
conftest.c:69: warning: conflicting types for built-in function 'strchr'
configure:12588: $? = 0
configure:12588: result: yes
configure:12588: checking for strdup
configure:12588: gcc -o conftest -g -O2   conftest.c -lpq -lperl -lxslt -lxml2 -lreadline -lexpat -ldbi -ldl  >&5
conftest.c:70: warning: conflicting types for built-in function 'strdup'
configure:12588: $? = 0
configure:12588: result: yes
configure:12588: checking for strerror
configure:12588: gcc -o conftest -g -O2   conftest.c -lpq -lperl -lxslt -lxml2 -lreadline -lexpat -ldbi -ldl  >&5
configure:12588: $? = 0
configure:12588: result: yes
configure:12588: checking for strncasecmp
configure:12588: gcc -o conftest -g -O2   conftest.c -lpq -lperl -lxslt -lxml2 -lreadline -lexpat -ldbi -ldl  >&5
conftest.c:72: warning: conflicting types for built-in function 'strncasecmp'
configure:12588: $? = 0
configure:12588: result: yes
configure:12787: creating ./config.status

## ---------------------- ##
## Running config.status. ##
## ---------------------- ##

This file was extended by Open-ILS config.status trunk, which was
generated by GNU Autoconf 2.64.  Invocation command line was

  CONFIG_FILES    = 
  CONFIG_HEADERS  = 
  CONFIG_LINKS    = 
  CONFIG_COMMANDS = 
  $ ./config.status 

on testbox

config.status:1020: creating Makefile
config.status:1020: creating Open-ILS/examples/Makefile
config.status:1020: creating Open-ILS/src/Makefile
config.status:1020: creating Open-ILS/src/apachemods/Makefile
config.status:1020: creating Open-ILS/src/c-apps/Makefile
config.status:1020: creating Open-ILS/src/extras/Makefile
config.status:1020: creating Open-ILS/src/java/Makefile
config.status:1020: creating Open-ILS/src/python/Makefile
config.status:1020: creating Open-ILS/xul/staff_client/Makefile
config.status:1020: creating Open-ILS/src/extras/eg_config
config.status:1183: executing depfiles commands
config.status:1183: executing libtool commands
configure:14823: result: 
configure:14825: result: --------------------- Configuration options:  -----------------------
configure:14828: result: 
configure:14830: result: -------- Installation Options: --------
configure:14833: result: Evergreen Core:			yes
configure:14840: result: Evergreen Web:			yes
configure:14847: result: Evergreen Reporter:		yes
configure:14854: result: Evergreen Staff Client:		yes
configure:14864: result: Evergreen Python Components:	no
configure:14871: result: Evergreen Java Components:	no
configure:14874: result: 
configure:14876: result: -------- Installation Directories --------
configure:14878: result: Installation directory prefix:            /openils
configure:14880: result: Temporary directory:                      /tmp
configure:14882: result: APXS2 location:                           /usr/bin/apxs2
configure:14884: result: Apache headers location:                  /usr/include/apache2
configure:14886: result: APR headers location:                     /usr/include/apr-1.0
configure:14888: result: libxml2 headers location:                 /usr/include/libxml2/
configure:14890: result: libdbi location:                          /usr/local/lib/dbd/
configure:14892: result: OpenSRF headers location:                 /openils/include/
configure:14894: result: OpenSRF libraries location:               /openils/lib/
configure:14897: result: ----------------------------------------------------------------------

## ---------------- ##
## Cache variables. ##
## ---------------- ##

ac_cv_build=i686-pc-linux-gnu
ac_cv_c_compiler_gnu=yes
ac_cv_c_const=yes
ac_cv_env_CC_set=
ac_cv_env_CC_value=
ac_cv_env_CFLAGS_set=
ac_cv_env_CFLAGS_value=
ac_cv_env_CPPFLAGS_set=
ac_cv_env_CPPFLAGS_value=
ac_cv_env_CPP_set=
ac_cv_env_CPP_value=
ac_cv_env_LDFLAGS_set=
ac_cv_env_LDFLAGS_value=
ac_cv_env_LIBS_set=
ac_cv_env_LIBS_value=
ac_cv_env_build_alias_set=
ac_cv_env_build_alias_value=
ac_cv_env_host_alias_set=
ac_cv_env_host_alias_value=
ac_cv_env_target_alias_set=
ac_cv_env_target_alias_value=
ac_cv_func_localtime_r=yes
ac_cv_func_memset=yes
ac_cv_func_nl_langinfo=yes
ac_cv_func_setlocale=yes
ac_cv_func_strcasecmp=yes
ac_cv_func_strchr=yes
ac_cv_func_strdup=yes
ac_cv_func_strerror=yes
ac_cv_func_strftime=yes
ac_cv_func_strncasecmp=yes
ac_cv_func_strtod=yes
ac_cv_header_dlfcn_h=yes
ac_cv_header_fcntl_h=yes
ac_cv_header_inttypes_h=yes
ac_cv_header_langinfo_h=yes
ac_cv_header_locale_h=yes
ac_cv_header_memory_h=yes
ac_cv_header_stdbool_h=yes
ac_cv_header_stdc=yes
ac_cv_header_stdint_h=yes
ac_cv_header_stdlib_h=yes
ac_cv_header_string_h=yes
ac_cv_header_strings_h=yes
ac_cv_header_sys_stat_h=yes
ac_cv_header_sys_types_h=yes
ac_cv_header_unistd_h=yes
ac_cv_host=i686-pc-linux-gnu
ac_cv_lib_dbi_dbi_initialize=yes
ac_cv_lib_dl_dlopen=yes
ac_cv_lib_expat_main=yes
ac_cv_lib_perl_main=yes
ac_cv_lib_pq_main=yes
ac_cv_lib_readline_main=yes
ac_cv_lib_xml2_main=yes
ac_cv_lib_xslt_main=yes
ac_cv_objext=o
ac_cv_path_EGREP='/bin/grep -E'
ac_cv_path_FGREP='/bin/grep -F'
ac_cv_path_GREP=/bin/grep
ac_cv_path_SED=/bin/sed
ac_cv_path_install='/usr/bin/install -c'
ac_cv_path_mkdir=/bin/mkdir
ac_cv_prog_ASPELL=yes
ac_cv_prog_AWK=mawk
ac_cv_prog_CPAN=yes
ac_cv_prog_CPP='gcc -E'
ac_cv_prog_MEMCACHED=yes
ac_cv_prog_PERL=yes
ac_cv_prog_YAZ=yes
ac_cv_prog_ac_ct_AR=ar
ac_cv_prog_ac_ct_CC=gcc
ac_cv_prog_ac_ct_OBJDUMP=objdump
ac_cv_prog_ac_ct_RANLIB=ranlib
ac_cv_prog_ac_ct_STRIP=strip
ac_cv_prog_cc_c89=
ac_cv_prog_cc_g=yes
ac_cv_prog_make_make_set=yes
ac_cv_struct_tm=time.h
ac_cv_type__Bool=yes
ac_cv_type_size_t=yes
am_cv_CC_dependencies_compiler_type=gcc3
lt_cv_deplibs_check_method=pass_all
lt_cv_file_magic_cmd='$MAGIC_CMD'
lt_cv_file_magic_test_file=
lt_cv_ld_reload_flag=-r
lt_cv_nm_interface='BSD nm'
lt_cv_objdir=.libs
lt_cv_path_LD=/usr/bin/ld
lt_cv_path_NM='/usr/bin/nm -B'
lt_cv_prog_compiler_c_o=yes
lt_cv_prog_compiler_pic_works=yes
lt_cv_prog_compiler_rtti_exceptions=no
lt_cv_prog_compiler_static_works=yes
lt_cv_prog_gnu_ld=yes
lt_cv_sys_global_symbol_pipe='sed -n -e '\''s/^.*[	 ]\([ABCDGIRSTW][ABCDGIRSTW]*\)[	 ][	 ]*\([_A-Za-z][_A-Za-z0-9]*\)$/\1 \2 \2/p'\'''
lt_cv_sys_global_symbol_to_c_name_address='sed -n -e '\''s/^: \([^ ]*\) $/  {\"\1\", (void *) 0},/p'\'' -e '\''s/^[ABCDGIRSTW]* \([^ ]*\) \([^ ]*\)$/  {"\2", (void *) \&\2},/p'\'''
lt_cv_sys_global_symbol_to_c_name_address_lib_prefix='sed -n -e '\''s/^: \([^ ]*\) $/  {\"\1\", (void *) 0},/p'\'' -e '\''s/^[ABCDGIRSTW]* \([^ ]*\) \(lib[^ ]*\)$/  {"\2", (void *) \&\2},/p'\'' -e '\''s/^[ABCDGIRSTW]* \([^ ]*\) \([^ ]*\)$/  {"lib\2", (void *) \&\2},/p'\'''
lt_cv_sys_global_symbol_to_cdecl='sed -n -e '\''s/^T .* \(.*\)$/extern int \1();/p'\'' -e '\''s/^[ABCDGIRSTW]* .* \(.*\)$/extern char \1;/p'\'''
lt_cv_sys_max_cmd_len=98304

## ----------------- ##
## Output variables. ##
## ----------------- ##

ACLOCAL='${SHELL} /home/opensrf/Evergreen-ILS-1.6.1.4/missing --run aclocal-1.11'
AMDEPBACKSLASH='\'
AMDEP_FALSE='#'
AMDEP_TRUE=''
AMTAR='${SHELL} /home/opensrf/Evergreen-ILS-1.6.1.4/missing --run tar'
APACHE2_HEADERS='/usr/include/apache2'
APR_HEADERS='/usr/include/apr-1.0'
APXS2='/usr/bin/apxs2'
AR='ar'
ASPELL='yes'
AUTOCONF='${SHELL} /home/opensrf/Evergreen-ILS-1.6.1.4/missing --run autoconf'
AUTOHEADER='${SHELL} /home/opensrf/Evergreen-ILS-1.6.1.4/missing --run autoheader'
AUTOMAKE='${SHELL} /home/opensrf/Evergreen-ILS-1.6.1.4/missing --run automake-1.11'
AWK='mawk'
BUILDEGJAVA_FALSE=''
BUILDEGJAVA_TRUE='#'
BUILDEGPYTHON_FALSE=''
BUILDEGPYTHON_TRUE='#'
BUILDILSCLIENT_FALSE='#'
BUILDILSCLIENT_TRUE=''
BUILDILSCORE_FALSE='#'
BUILDILSCORE_TRUE=''
BUILDILSREPORTER_FALSE='#'
BUILDILSREPORTER_TRUE=''
BUILDILSWEB_FALSE='#'
BUILDILSWEB_TRUE=''
CC='gcc'
CCDEPMODE='depmode=gcc3'
CFLAGS='-g -O2'
CPAN='yes'
CPP='gcc -E'
CPPFLAGS=''
CYGPATH_W='echo'
DBI_LIBS='/usr/local/lib/dbd/'
DEFS='-DPACKAGE_NAME=\"Open-ILS\" -DPACKAGE_TARNAME=\"open-ils\" -DPACKAGE_VERSION=\"trunk\" -DPACKAGE_STRING=\"Open-ILS\ trunk\" -DPACKAGE_BUGREPORT=\"open-ils-dev@list.georgialibraries.org\" -DPACKAGE_URL=\"\" -DPACKAGE=\"OpenILS\" -DVERSION=\"trunk\" -DSTDC_HEADERS=1 -DHAVE_SYS_TYPES_H=1 -DHAVE_SYS_STAT_H=1 -DHAVE_STDLIB_H=1 -DHAVE_STRING_H=1 -DHAVE_MEMORY_H=1 -DHAVE_STRINGS_H=1 -DHAVE_INTTYPES_H=1 -DHAVE_STDINT_H=1 -DHAVE_UNISTD_H=1 -DHAVE_DLFCN_H=1 -DLT_OBJDIR=\".libs/\" -DHAVE_LIBDL=1 -DHAVE_LIBDBI=1 -DHAVE_LIBEXPAT=1 -DHAVE_LIBREADLINE=1 -DHAVE_LIBXML2=1 -DHAVE_LIBXSLT=1 -DHAVE_LIBPERL=1 -DHAVE_LIBPQ=1 -DSTDC_HEADERS=1 -DHAVE_FCNTL_H=1 -DHAVE_LANGINFO_H=1 -DHAVE_LOCALE_H=1 -DHAVE_STDLIB_H=1 -DHAVE_STRING_H=1 -DHAVE_UNISTD_H=1 -DHAVE__BOOL=1 -DHAVE_STDBOOL_H=1 -DHAVE_STRFTIME=1 -DHAVE_LOCALTIME_R=1 -DHAVE_MEMSET=1 -DHAVE_NL_LANGINFO=1 -DHAVE_SETLOCALE=1 -DHAVE_STRCASECMP=1 -DHAVE_STRCHR=1 -DHAVE_STRDUP=1 -DHAVE_STRERROR=1 -DHAVE_STRNCASECMP=1'
DEPDIR='.deps'
DSYMUTIL=''
DUMPBIN=''
ECHO_C=''
ECHO_N='-n'
ECHO_T=''
EGREP='/bin/grep -E'
EXEEXT=''
FGREP='/bin/grep -F'
GREP='/bin/grep'
INSTALL_DATA='${INSTALL} -m 644'
INSTALL_PROGRAM='${INSTALL}'
INSTALL_SCRIPT='${INSTALL}'
INSTALL_STRIP_PROGRAM='$(install_sh) -c -s'
LD='/usr/bin/ld'
LDFLAGS=''
LIBOBJS=''
LIBS='-lpq -lperl -lxslt -lxml2 -lreadline -lexpat -ldbi -ldl '
LIBTOOL='$(SHELL) $(top_builddir)/libtool'
LIBXML2_HEADERS='/usr/include/libxml2/'
LIPO=''
LN_S='ln -s'
LTLIBOBJS=''
MAKEINFO='${SHELL} /home/opensrf/Evergreen-ILS-1.6.1.4/missing --run makeinfo'
MEMCACHED='yes'
MKDIR_P='/bin/mkdir -p'
NM='/usr/bin/nm -B'
NMEDIT=''
OBJDUMP='objdump'
OBJEXT='o'
OPENSRF_HEADERS='/openils/include/'
OPENSRF_LIBS='/openils/lib/'
OTOOL64=''
OTOOL=''
PACKAGE='OpenILS'
PACKAGE_BUGREPORT='open-ils-dev@list.georgialibraries.org'
PACKAGE_NAME='Open-ILS'
PACKAGE_STRING='Open-ILS trunk'
PACKAGE_TARNAME='open-ils'
PACKAGE_URL=''
PACKAGE_VERSION='trunk'
PATH_SEPARATOR=':'
PERL='yes'
POW_LIB=''
RANLIB='ranlib'
SED='/bin/sed'
SET_MAKE=''
SHELL='/bin/sh'
STRIP='strip'
TMP='/tmp'
VERSION='trunk'
YAZ='yes'
abs_top_builddir=''
ac_ct_CC='gcc'
ac_ct_DUMPBIN=''
am__EXEEXT_FALSE=''
am__EXEEXT_TRUE='#'
am__fastdepCC_FALSE='#'
am__fastdepCC_TRUE=''
am__include='include'
am__isrc=''
am__leading_dot='.'
am__quote=''
am__tar='${AMTAR} chof - "$$tardir"'
am__untar='${AMTAR} xf -'
bindir='${exec_prefix}/bin'
build='i686-pc-linux-gnu'
build_alias=''
build_cpu='i686'
build_os='linux-gnu'
build_vendor='pc'
datadir='${datarootdir}'
datarootdir='${prefix}/share'
docdir='${datarootdir}/doc/${PACKAGE_TARNAME}'
dvidir='${docdir}'
exec_prefix='${prefix}'
host='i686-pc-linux-gnu'
host_alias=''
host_cpu='i686'
host_os='linux-gnu'
host_vendor='pc'
htmldir='${docdir}'
includedir='${prefix}/include'
infodir='${datarootdir}/info'
install_sh='${SHELL} /home/opensrf/Evergreen-ILS-1.6.1.4/install-sh'
libdir='${exec_prefix}/lib'
libexecdir='${exec_prefix}/libexec'
localedir='${datarootdir}/locale'
localstatedir='${prefix}/var'
lt_ECHO='echo'
mandir='${datarootdir}/man'
mkdir_p='/bin/mkdir -p'
oldincludedir='/usr/include'
pdfdir='${docdir}'
prefix='/openils'
program_transform_name='s,x,x,'
psdir='${docdir}'
sbindir='${exec_prefix}/sbin'
sharedstatedir='${prefix}/com'
sysconfdir='/openils/conf'
target_alias=''

## ----------- ##
## confdefs.h. ##
## ----------- ##

/* confdefs.h */
#define PACKAGE_NAME "Open-ILS"
#define PACKAGE_TARNAME "open-ils"
#define PACKAGE_VERSION "trunk"
#define PACKAGE_STRING "Open-ILS trunk"
#define PACKAGE_BUGREPORT "open-ils-dev@list.georgialibraries.org"
#define PACKAGE_URL ""
#define PACKAGE "OpenILS"
#define VERSION "trunk"
#define STDC_HEADERS 1
#define HAVE_SYS_TYPES_H 1
#define HAVE_SYS_STAT_H 1
#define HAVE_STDLIB_H 1
#define HAVE_STRING_H 1
#define HAVE_MEMORY_H 1
#define HAVE_STRINGS_H 1
#define HAVE_INTTYPES_H 1
#define HAVE_STDINT_H 1
#define HAVE_UNISTD_H 1
#define HAVE_DLFCN_H 1
#define LT_OBJDIR ".libs/"
#define HAVE_LIBDL 1
#define HAVE_LIBDBI 1
#define HAVE_LIBEXPAT 1
#define HAVE_LIBREADLINE 1
#define HAVE_LIBXML2 1
#define HAVE_LIBXSLT 1
#define HAVE_LIBPERL 1
#define HAVE_LIBPQ 1
#define STDC_HEADERS 1
#define HAVE_FCNTL_H 1
#define HAVE_LANGINFO_H 1
#define HAVE_LOCALE_H 1
#define HAVE_STDLIB_H 1
#define HAVE_STRING_H 1
#define HAVE_UNISTD_H 1
#define HAVE__BOOL 1
#define HAVE_STDBOOL_H 1
#define HAVE_STRFTIME 1
#define HAVE_LOCALTIME_R 1
#define HAVE_MEMSET 1
#define HAVE_NL_LANGINFO 1
#define HAVE_SETLOCALE 1
#define HAVE_STRCASECMP 1
#define HAVE_STRCHR 1
#define HAVE_STRDUP 1
#define HAVE_STRERROR 1
#define HAVE_STRNCASECMP 1

configure: exit 0
