This file contains any messages produced by compilers while
running configure, to aid debugging if configure makes a mistake.

It was created by configure, which was
generated by GNU Autoconf 2.59.  Invocation command line was

  $ ./configure --disable-docs --with-pgsql --enable-libdbi

## --------- ##
## Platform. ##
## --------- ##

hostname = testbox
uname -m = i686
uname -r = 2.6.26-2-686
uname -s = Linux
uname -v = #1 SMP Thu Nov 25 01:53:57 UTC 2010

/usr/bin/uname -p = unknown
/bin/uname -X     = unknown

/bin/arch              = unknown
/usr/bin/arch -k       = unknown
/usr/convex/getsysinfo = unknown
hostinfo               = unknown
/bin/machine           = unknown
/usr/bin/oslevel       = unknown
/bin/universe          = unknown

PATH: /usr/local/sbin
PATH: /usr/local/bin
PATH: /usr/sbin
PATH: /usr/bin
PATH: /sbin
PATH: /bin


## ----------- ##
## Core tests. ##
## ----------- ##

configure:1540: checking whether to enable maintainer-specific portions of Makefiles
configure:1549: result: no
configure:1604: checking for a BSD-compatible install
configure:1659: result: /usr/bin/install -c
configure:1670: checking whether build environment is sane
configure:1713: result: yes
configure:1778: checking for gawk
configure:1807: result: no
configure:1778: checking for mawk
configure:1794: found /usr/bin/mawk
configure:1804: result: mawk
configure:1814: checking whether make sets $(MAKE)
configure:1834: result: yes
configure:2014: checking build system type
configure:2032: result: i686-pc-linux-gnu
configure:2040: checking host system type
configure:2054: result: i686-pc-linux-gnu
configure:2113: checking for gcc
configure:2129: found /usr/bin/gcc
configure:2139: result: gcc
configure:2383: checking for C compiler version
configure:2386: gcc --version </dev/null >&5
gcc (Debian 4.3.2-1.1) 4.3.2
Copyright (C) 2008 Free Software Foundation, Inc.
This is free software; see the source for copying conditions.  There is NO
warranty; not even for MERCHANTABILITY or FITNESS FOR A PARTICULAR PURPOSE.

configure:2389: $? = 0
configure:2391: gcc -v </dev/null >&5
Using built-in specs.
Target: i486-linux-gnu
Configured with: ../src/configure -v --with-pkgversion='Debian 4.3.2-1.1' --with-bugurl=file:///usr/share/doc/gcc-4.3/README.Bugs --enable-languages=c,c++,fortran,objc,obj-c++ --prefix=/usr --enable-shared --with-system-zlib --libexecdir=/usr/lib --without-included-gettext --enable-threads=posix --enable-nls --with-gxx-include-dir=/usr/include/c++/4.3 --program-suffix=-4.3 --enable-clocale=gnu --enable-libstdcxx-debug --enable-objc-gc --enable-mpfr --enable-targets=all --enable-cld --enable-checking=release --build=i486-linux-gnu --host=i486-linux-gnu --target=i486-linux-gnu
Thread model: posix
gcc version 4.3.2 (Debian 4.3.2-1.1) 
configure:2394: $? = 0
configure:2396: gcc -V </dev/null >&5
gcc: '-V' option must have argument
configure:2399: $? = 1
configure:2422: checking for C compiler default output file name
configure:2425: gcc    conftest.c  >&5
configure:2428: $? = 0
configure:2474: result: a.out
configure:2479: checking whether the C compiler works
configure:2485: ./a.out
configure:2488: $? = 0
configure:2505: result: yes
configure:2512: checking whether we are cross compiling
configure:2514: result: no
configure:2517: checking for suffix of executables
configure:2519: gcc -o conftest    conftest.c  >&5
configure:2522: $? = 0
configure:2547: result: 
configure:2553: checking for suffix of object files
configure:2574: gcc -c   conftest.c >&5
configure:2577: $? = 0
configure:2599: result: o
configure:2603: checking whether we are using the GNU C compiler
configure:2627: gcc -c   conftest.c >&5
configure:2633: $? = 0
configure:2637: test -z 
			 || test ! -s conftest.err
configure:2640: $? = 0
configure:2643: test -s conftest.o
configure:2646: $? = 0
configure:2659: result: yes
configure:2665: checking whether gcc accepts -g
configure:2686: gcc -c -g  conftest.c >&5
configure:2692: $? = 0
configure:2696: test -z 
			 || test ! -s conftest.err
configure:2699: $? = 0
configure:2702: test -s conftest.o
configure:2705: $? = 0
configure:2716: result: yes
configure:2733: checking for gcc option to accept ANSI C
configure:2803: gcc  -c -g -O2  conftest.c >&5
configure:2809: $? = 0
configure:2813: test -z 
			 || test ! -s conftest.err
configure:2816: $? = 0
configure:2819: test -s conftest.o
configure:2822: $? = 0
configure:2840: result: none needed
configure:2858: gcc -c -g -O2  conftest.c >&5
conftest.c:2: error: expected '=', ',', ';', 'asm' or '__attribute__' before 'me'
configure:2864: $? = 1
configure: failed program was:
| #ifndef __cplusplus
|   choke me
| #endif
configure:3008: checking for style of include used by make
configure:3036: result: GNU
configure:3064: checking dependency style of gcc
configure:3154: result: gcc3
configure:3176: checking how to run the C preprocessor
configure:3211: gcc -E  conftest.c
configure:3217: $? = 0
configure:3249: gcc -E  conftest.c
conftest.c:11:28: error: ac_nonexistent.h: No such file or directory
configure:3255: $? = 1
configure: failed program was:
| /* confdefs.h.  */
| 
| #define PACKAGE_NAME ""
| #define PACKAGE_TARNAME ""
| #define PACKAGE_VERSION ""
| #define PACKAGE_STRING ""
| #define PACKAGE_BUGREPORT ""
| #define PACKAGE "libdbi-drivers"
| #define VERSION "0.8.3"
| /* end confdefs.h.  */
| #include <ac_nonexistent.h>
configure:3294: result: gcc -E
configure:3318: gcc -E  conftest.c
configure:3324: $? = 0
configure:3356: gcc -E  conftest.c
conftest.c:11:28: error: ac_nonexistent.h: No such file or directory
configure:3362: $? = 1
configure: failed program was:
| /* confdefs.h.  */
| 
| #define PACKAGE_NAME ""
| #define PACKAGE_TARNAME ""
| #define PACKAGE_VERSION ""
| #define PACKAGE_STRING ""
| #define PACKAGE_BUGREPORT ""
| #define PACKAGE "libdbi-drivers"
| #define VERSION "0.8.3"
| /* end confdefs.h.  */
| #include <ac_nonexistent.h>
configure:3405: checking for a sed that does not truncate output
configure:3459: result: /bin/sed
configure:3462: checking for egrep
configure:3472: result: grep -E
configure:3488: checking for ld used by gcc
configure:3555: result: /usr/bin/ld
configure:3564: checking if the linker (/usr/bin/ld) is GNU ld
configure:3579: result: yes
configure:3597: checking for a BSD-compatible install
configure:3652: result: /usr/bin/install -c
configure:3735: checking for /usr/bin/ld option to reload object files
configure:3742: result: -r
configure:3760: checking for BSD-compatible nm
configure:3802: result: /usr/bin/nm -B
configure:3806: checking whether ln -s works
configure:3810: result: yes
configure:3817: checking how to recognise dependent libraries
configure:3989: result: pass_all
configure:4441: checking for ANSI C header files
configure:4466: gcc -c -g -O2  conftest.c >&5
configure:4472: $? = 0
configure:4476: test -z 
			 || test ! -s conftest.err
configure:4479: $? = 0
configure:4482: test -s conftest.o
configure:4485: $? = 0
configure:4574: gcc -o conftest -g -O2   conftest.c  >&5
conftest.c: In function 'main':
conftest.c:28: warning: incompatible implicit declaration of built-in function 'exit'
configure:4577: $? = 0
configure:4579: ./conftest
configure:4582: $? = 0
configure:4597: result: yes
configure:4621: checking for sys/types.h
configure:4637: gcc -c -g -O2  conftest.c >&5
configure:4643: $? = 0
configure:4647: test -z 
			 || test ! -s conftest.err
configure:4650: $? = 0
configure:4653: test -s conftest.o
configure:4656: $? = 0
configure:4667: result: yes
configure:4621: checking for sys/stat.h
configure:4637: gcc -c -g -O2  conftest.c >&5
configure:4643: $? = 0
configure:4647: test -z 
			 || test ! -s conftest.err
configure:4650: $? = 0
configure:4653: test -s conftest.o
configure:4656: $? = 0
configure:4667: result: yes
configure:4621: checking for stdlib.h
configure:4637: gcc -c -g -O2  conftest.c >&5
configure:4643: $? = 0
configure:4647: test -z 
			 || test ! -s conftest.err
configure:4650: $? = 0
configure:4653: test -s conftest.o
configure:4656: $? = 0
configure:4667: result: yes
configure:4621: checking for string.h
configure:4637: gcc -c -g -O2  conftest.c >&5
configure:4643: $? = 0
configure:4647: test -z 
			 || test ! -s conftest.err
configure:4650: $? = 0
configure:4653: test -s conftest.o
configure:4656: $? = 0
configure:4667: result: yes
configure:4621: checking for memory.h
configure:4637: gcc -c -g -O2  conftest.c >&5
configure:4643: $? = 0
configure:4647: test -z 
			 || test ! -s conftest.err
configure:4650: $? = 0
configure:4653: test -s conftest.o
configure:4656: $? = 0
configure:4667: result: yes
configure:4621: checking for strings.h
configure:4637: gcc -c -g -O2  conftest.c >&5
configure:4643: $? = 0
configure:4647: test -z 
			 || test ! -s conftest.err
configure:4650: $? = 0
configure:4653: test -s conftest.o
configure:4656: $? = 0
configure:4667: result: yes
configure:4621: checking for inttypes.h
configure:4637: gcc -c -g -O2  conftest.c >&5
configure:4643: $? = 0
configure:4647: test -z 
			 || test ! -s conftest.err
configure:4650: $? = 0
configure:4653: test -s conftest.o
configure:4656: $? = 0
configure:4667: result: yes
configure:4621: checking for stdint.h
configure:4637: gcc -c -g -O2  conftest.c >&5
configure:4643: $? = 0
configure:4647: test -z 
			 || test ! -s conftest.err
configure:4650: $? = 0
configure:4653: test -s conftest.o
configure:4656: $? = 0
configure:4667: result: yes
configure:4621: checking for unistd.h
configure:4637: gcc -c -g -O2  conftest.c >&5
configure:4643: $? = 0
configure:4647: test -z 
			 || test ! -s conftest.err
configure:4650: $? = 0
configure:4653: test -s conftest.o
configure:4656: $? = 0
configure:4667: result: yes
configure:4693: checking dlfcn.h usability
configure:4705: gcc -c -g -O2  conftest.c >&5
configure:4711: $? = 0
configure:4715: test -z 
			 || test ! -s conftest.err
configure:4718: $? = 0
configure:4721: test -s conftest.o
configure:4724: $? = 0
configure:4734: result: yes
configure:4738: checking dlfcn.h presence
configure:4748: gcc -E  conftest.c
configure:4754: $? = 0
configure:4774: result: yes
configure:4809: checking for dlfcn.h
configure:4816: result: yes
configure:4881: checking for g++
configure:4897: found /usr/bin/g++
configure:4907: result: g++
configure:4923: checking for C++ compiler version
configure:4926: g++ --version </dev/null >&5
g++ (Debian 4.3.2-1.1) 4.3.2
Copyright (C) 2008 Free Software Foundation, Inc.
This is free software; see the source for copying conditions.  There is NO
warranty; not even for MERCHANTABILITY or FITNESS FOR A PARTICULAR PURPOSE.

configure:4929: $? = 0
configure:4931: g++ -v </dev/null >&5
Using built-in specs.
Target: i486-linux-gnu
Configured with: ../src/configure -v --with-pkgversion='Debian 4.3.2-1.1' --with-bugurl=file:///usr/share/doc/gcc-4.3/README.Bugs --enable-languages=c,c++,fortran,objc,obj-c++ --prefix=/usr --enable-shared --with-system-zlib --libexecdir=/usr/lib --without-included-gettext --enable-threads=posix --enable-nls --with-gxx-include-dir=/usr/include/c++/4.3 --program-suffix=-4.3 --enable-clocale=gnu --enable-libstdcxx-debug --enable-objc-gc --enable-mpfr --enable-targets=all --enable-cld --enable-checking=release --build=i486-linux-gnu --host=i486-linux-gnu --target=i486-linux-gnu
Thread model: posix
gcc version 4.3.2 (Debian 4.3.2-1.1) 
configure:4934: $? = 0
configure:4936: g++ -V </dev/null >&5
g++: '-V' option must have argument
configure:4939: $? = 1
configure:4942: checking whether we are using the GNU C++ compiler
configure:4966: g++ -c   conftest.cc >&5
configure:4972: $? = 0
configure:4976: test -z 
			 || test ! -s conftest.err
configure:4979: $? = 0
configure:4982: test -s conftest.o
configure:4985: $? = 0
configure:4998: result: yes
configure:5004: checking whether g++ accepts -g
configure:5025: g++ -c -g  conftest.cc >&5
configure:5031: $? = 0
configure:5035: test -z 
			 || test ! -s conftest.err
configure:5038: $? = 0
configure:5041: test -s conftest.o
configure:5044: $? = 0
configure:5055: result: yes
configure:5097: g++ -c -g -O2  conftest.cc >&5
configure:5103: $? = 0
configure:5107: test -z 
			 || test ! -s conftest.err
configure:5110: $? = 0
configure:5113: test -s conftest.o
configure:5116: $? = 0
configure:5142: g++ -c -g -O2  conftest.cc >&5
conftest.cc: In function 'int main()':
conftest.cc:26: error: 'exit' was not declared in this scope
configure:5148: $? = 1
configure: failed program was:
| /* confdefs.h.  */
| 
| #define PACKAGE_NAME ""
| #define PACKAGE_TARNAME ""
| #define PACKAGE_VERSION ""
| #define PACKAGE_STRING ""
| #define PACKAGE_BUGREPORT ""
| #define PACKAGE "libdbi-drivers"
| #define VERSION "0.8.3"
| #define STDC_HEADERS 1
| #define HAVE_SYS_TYPES_H 1
| #define HAVE_SYS_STAT_H 1
| #define HAVE_STDLIB_H 1
| #define HAVE_STRING_H 1
| #define HAVE_MEMORY_H 1
| #define HAVE_STRINGS_H 1
| #define HAVE_INTTYPES_H 1
| #define HAVE_STDINT_H 1
| #define HAVE_UNISTD_H 1
| #define HAVE_DLFCN_H 1
| /* end confdefs.h.  */
| 
| int
| main ()
| {
| exit (42);
|   ;
|   return 0;
| }
configure:5097: g++ -c -g -O2  conftest.cc >&5
conftest.cc:22: error: 'void std::exit(int)' should have been declared inside 'std'
configure:5103: $? = 1
configure: failed program was:
| /* confdefs.h.  */
| 
| #define PACKAGE_NAME ""
| #define PACKAGE_TARNAME ""
| #define PACKAGE_VERSION ""
| #define PACKAGE_STRING ""
| #define PACKAGE_BUGREPORT ""
| #define PACKAGE "libdbi-drivers"
| #define VERSION "0.8.3"
| #define STDC_HEADERS 1
| #define HAVE_SYS_TYPES_H 1
| #define HAVE_SYS_STAT_H 1
| #define HAVE_STDLIB_H 1
| #define HAVE_STRING_H 1
| #define HAVE_MEMORY_H 1
| #define HAVE_STRINGS_H 1
| #define HAVE_INTTYPES_H 1
| #define HAVE_STDINT_H 1
| #define HAVE_UNISTD_H 1
| #define HAVE_DLFCN_H 1
| /* end confdefs.h.  */
| extern "C" void std::exit (int) throw (); using std::exit;
| #include <stdlib.h>
| int
| main ()
| {
| exit (42);
|   ;
|   return 0;
| }
configure:5097: g++ -c -g -O2  conftest.cc >&5
conftest.cc:22: error: 'void std::exit(int)' should have been declared inside 'std'
In file included from conftest.cc:23:
/usr/include/stdlib.h:531: error: declaration of 'void std::exit(int) throw ()' throws different exceptions
conftest.cc:22: error: from previous declaration 'void std::exit(int)'
configure:5103: $? = 1
configure: failed program was:
| /* confdefs.h.  */
| 
| #define PACKAGE_NAME ""
| #define PACKAGE_TARNAME ""
| #define PACKAGE_VERSION ""
| #define PACKAGE_STRING ""
| #define PACKAGE_BUGREPORT ""
| #define PACKAGE "libdbi-drivers"
| #define VERSION "0.8.3"
| #define STDC_HEADERS 1
| #define HAVE_SYS_TYPES_H 1
| #define HAVE_SYS_STAT_H 1
| #define HAVE_STDLIB_H 1
| #define HAVE_STRING_H 1
| #define HAVE_MEMORY_H 1
| #define HAVE_STRINGS_H 1
| #define HAVE_INTTYPES_H 1
| #define HAVE_STDINT_H 1
| #define HAVE_UNISTD_H 1
| #define HAVE_DLFCN_H 1
| /* end confdefs.h.  */
| extern "C" void std::exit (int); using std::exit;
| #include <stdlib.h>
| int
| main ()
| {
| exit (42);
|   ;
|   return 0;
| }
configure:5097: g++ -c -g -O2  conftest.cc >&5
configure:5103: $? = 0
configure:5107: test -z 
			 || test ! -s conftest.err
configure:5110: $? = 0
configure:5113: test -s conftest.o
configure:5116: $? = 0
configure:5142: g++ -c -g -O2  conftest.cc >&5
configure:5148: $? = 0
configure:5152: test -z 
			 || test ! -s conftest.err
configure:5155: $? = 0
configure:5158: test -s conftest.o
configure:5161: $? = 0
configure:5186: checking dependency style of g++
configure:5276: result: gcc3
configure:5303: checking how to run the C++ preprocessor
configure:5334: g++ -E  conftest.cc
configure:5340: $? = 0
configure:5372: g++ -E  conftest.cc
conftest.cc:25:28: error: ac_nonexistent.h: No such file or directory
configure:5378: $? = 1
configure: failed program was:
| /* confdefs.h.  */
| 
| #define PACKAGE_NAME ""
| #define PACKAGE_TARNAME ""
| #define PACKAGE_VERSION ""
| #define PACKAGE_STRING ""
| #define PACKAGE_BUGREPORT ""
| #define PACKAGE "libdbi-drivers"
| #define VERSION "0.8.3"
| #define STDC_HEADERS 1
| #define HAVE_SYS_TYPES_H 1
| #define HAVE_SYS_STAT_H 1
| #define HAVE_STDLIB_H 1
| #define HAVE_STRING_H 1
| #define HAVE_MEMORY_H 1
| #define HAVE_STRINGS_H 1
| #define HAVE_INTTYPES_H 1
| #define HAVE_STDINT_H 1
| #define HAVE_UNISTD_H 1
| #define HAVE_DLFCN_H 1
| #ifdef __cplusplus
| extern "C" void exit (int) throw ();
| #endif
| /* end confdefs.h.  */
| #include <ac_nonexistent.h>
configure:5417: result: g++ -E
configure:5441: g++ -E  conftest.cc
configure:5447: $? = 0
configure:5479: g++ -E  conftest.cc
conftest.cc:25:28: error: ac_nonexistent.h: No such file or directory
configure:5485: $? = 1
configure: failed program was:
| /* confdefs.h.  */
| 
| #define PACKAGE_NAME ""
| #define PACKAGE_TARNAME ""
| #define PACKAGE_VERSION ""
| #define PACKAGE_STRING ""
| #define PACKAGE_BUGREPORT ""
| #define PACKAGE "libdbi-drivers"
| #define VERSION "0.8.3"
| #define STDC_HEADERS 1
| #define HAVE_SYS_TYPES_H 1
| #define HAVE_SYS_STAT_H 1
| #define HAVE_STDLIB_H 1
| #define HAVE_STRING_H 1
| #define HAVE_MEMORY_H 1
| #define HAVE_STRINGS_H 1
| #define HAVE_INTTYPES_H 1
| #define HAVE_STDINT_H 1
| #define HAVE_UNISTD_H 1
| #define HAVE_DLFCN_H 1
| #ifdef __cplusplus
| extern "C" void exit (int) throw ();
| #endif
| /* end confdefs.h.  */
| #include <ac_nonexistent.h>
configure:5582: checking for g77
configure:5611: result: no
configure:5582: checking for f77
configure:5611: result: no
configure:5582: checking for xlf
configure:5611: result: no
configure:5582: checking for frt
configure:5611: result: no
configure:5582: checking for pgf77
configure:5611: result: no
configure:5582: checking for fort77
configure:5611: result: no
configure:5582: checking for fl32
configure:5611: result: no
configure:5582: checking for af77
configure:5611: result: no
configure:5582: checking for f90
configure:5611: result: no
configure:5582: checking for xlf90
configure:5611: result: no
configure:5582: checking for pgf90
configure:5611: result: no
configure:5582: checking for epcf90
configure:5611: result: no
configure:5582: checking for f95
configure:5611: result: no
configure:5582: checking for fort
configure:5611: result: no
configure:5582: checking for xlf95
configure:5611: result: no
configure:5582: checking for ifc
configure:5611: result: no
configure:5582: checking for efc
configure:5611: result: no
configure:5582: checking for pgf95
configure:5611: result: no
configure:5582: checking for lf95
configure:5611: result: no
configure:5582: checking for gfortran
configure:5611: result: no
configure:5623: checking for Fortran 77 compiler version
configure:5626:  --version </dev/null >&5
./configure: line 5627: --version: command not found
configure:5629: $? = 127
configure:5631:  -v </dev/null >&5
./configure: line 5632: -v: command not found
configure:5634: $? = 127
configure:5636:  -V </dev/null >&5
./configure: line 5637: -V: command not found
configure:5639: $? = 127
configure:5647: checking whether we are using the GNU Fortran 77 compiler
configure:5661:  -c  conftest.F >&5
./configure: line 5662: -c: command not found
configure:5667: $? = 127
configure: failed program was:
|       program main
| #ifndef __GNUC__
|        choke me
| #endif
| 
|       end
configure:5693: result: no
configure:5699: checking whether  accepts -g
configure:5711:  -c -g conftest.f >&5
./configure: line 5712: -c: command not found
configure:5717: $? = 127
configure: failed program was:
|       program main
| 
|       end
configure:5742: result: no
configure:5772: checking the maximum length of command line arguments
configure:5851: result: 32768
configure:5862: checking command to parse /usr/bin/nm -B output from gcc object
configure:5958: gcc -c -g -O2  conftest.c >&5
configure:5961: $? = 0
configure:5965: /usr/bin/nm -B conftest.o \| sed -n -e 's/^.*[ 	]\([ABCDGIRSTW][ABCDGIRSTW]*\)[ 	][ 	]*\(\)\([_A-Za-z][_A-Za-z0-9]*\)$/\1 \2\3 \3/p' \> conftest.nm
configure:5968: $? = 0
configure:6020: gcc -o conftest -g -O2   conftest.c conftstm.o >&5
configure:6023: $? = 0
configure:6061: result: ok
configure:6065: checking for objdir
configure:6080: result: .libs
configure:6170: checking for ar
configure:6186: found /usr/bin/ar
configure:6197: result: ar
configure:6250: checking for ranlib
configure:6266: found /usr/bin/ranlib
configure:6277: result: ranlib
configure:6330: checking for strip
configure:6346: found /usr/bin/strip
configure:6357: result: strip
configure:6621: checking if gcc static flag  works
configure:6644: result: yes
configure:6662: checking if gcc supports -fno-rtti -fno-exceptions
configure:6680: gcc -c -g -O2  -fno-rtti -fno-exceptions conftest.c >&5
cc1: warning: command line option "-fno-rtti" is valid for C++/ObjC++ but not for C
configure:6684: $? = 0
configure:6695: result: no
configure:6710: checking for gcc option to produce PIC
configure:6897: result: -fPIC
configure:6905: checking if gcc PIC flag -fPIC works
configure:6923: gcc -c -g -O2  -fPIC -DPIC conftest.c >&5
configure:6927: $? = 0
configure:6938: result: yes
configure:6962: checking if gcc supports -c -o file.o
configure:6983: gcc -c -g -O2  -o out/conftest2.o conftest.c >&5
configure:6987: $? = 0
configure:7007: result: yes
configure:7033: checking whether the gcc linker (/usr/bin/ld) supports shared libraries
configure:7882: result: yes
configure:7908: checking whether -lc should be explicitly linked in
configure:7913: gcc -c -g -O2  conftest.c >&5
configure:7916: $? = 0
configure:7930: gcc -shared conftest.o  -v -Wl,-soname -Wl,conftest -o conftest 2\>\&1 \| grep  -lc  \>/dev/null 2\>\&1
configure:7933: $? = 0
configure:7945: result: no
configure:7953: checking dynamic linker characteristics
configure:8493: result: GNU/Linux ld.so
configure:8497: checking how to hardcode library paths into programs
configure:8522: result: immediate
configure:8536: checking whether stripping libraries is possible
configure:8541: result: yes
configure:9371: checking if libtool supports shared libraries
configure:9373: result: yes
configure:9376: checking whether to build shared libraries
configure:9397: result: yes
configure:9400: checking whether to build static libraries
configure:9404: result: yes
configure:9496: creating libtool
configure:10045: checking for ld used by g++
configure:10112: result: /usr/bin/ld
configure:10121: checking if the linker (/usr/bin/ld) is GNU ld
configure:10136: result: yes
configure:10187: checking whether the g++ linker (/usr/bin/ld) supports shared libraries
configure:11054: result: yes
configure:11072: g++ -c -g -O2  conftest.cc >&5
configure:11075: $? = 0
configure:11171: checking for g++ option to produce PIC
configure:11433: result: -fPIC
configure:11441: checking if g++ PIC flag -fPIC works
configure:11459: g++ -c -g -O2  -fPIC -DPIC conftest.cc >&5
configure:11463: $? = 0
configure:11474: result: yes
configure:11498: checking if g++ supports -c -o file.o
configure:11519: g++ -c -g -O2  -o out/conftest2.o conftest.cc >&5
configure:11523: $? = 0
configure:11543: result: yes
configure:11569: checking whether the g++ linker (/usr/bin/ld) supports shared libraries
configure:11594: result: yes
configure:11665: checking dynamic linker characteristics
configure:12205: result: GNU/Linux ld.so
configure:12209: checking how to hardcode library paths into programs
configure:12234: result: immediate
configure:12248: checking whether stripping libraries is possible
configure:12253: result: yes
configure:19582: checking for libdbi framework
configure:19613: result: yes: headers in /usr/local/include
configure:19650: checking for MySQL support
configure:19742: result: no
configure:19766: checking for PostgreSQL support
configure:19837: result: yes: libs in /usr/lib, headers in /usr/include/postgresql
configure:19882: checking for SQLite support
configure:19974: result: no
configure:19998: checking for SQLite3 support
configure:20090: result: no
configure:20114: checking for MiniSQL (mSQL) support
configure:20205: result: no
configure:20229: checking for Oracle support
configure:20320: result: no
configure:20344: checking for Firebird/Interbase support
configure:20618: result: no
configure:20642: checking for Freetds support
configure:20733: result: no
configure:20757: checking for Ingres support
configure:20848: result: no
configure:20882: checking for strtoll
configure:20939: gcc -o conftest -O20 -ffast-math -D_REENTRANT -fsigned-char   conftest.c  >&5
configure:20945: $? = 0
configure:20949: test -z 
			 || test ! -s conftest.err
configure:20952: $? = 0
configure:20955: test -s conftest
configure:20958: $? = 0
configure:20970: result: yes
configure:20984: checking for atoll
configure:21041: gcc -o conftest -O20 -ffast-math -D_REENTRANT -fsigned-char   conftest.c  >&5
configure:21047: $? = 0
configure:21051: test -z 
			 || test ! -s conftest.err
configure:21054: $? = 0
configure:21057: test -s conftest
configure:21060: $? = 0
configure:21072: result: yes
configure:21096: checking for vasprintf
configure:21153: gcc -o conftest -O20 -ffast-math -D_REENTRANT -fsigned-char   conftest.c  >&5
configure:21159: $? = 0
configure:21163: test -z 
			 || test ! -s conftest.err
configure:21166: $? = 0
configure:21169: test -s conftest
configure:21172: $? = 0
configure:21184: result: yes
configure:21198: checking for asprintf
configure:21255: gcc -o conftest -O20 -ffast-math -D_REENTRANT -fsigned-char   conftest.c  >&5
configure:21261: $? = 0
configure:21265: test -z 
			 || test ! -s conftest.err
configure:21268: $? = 0
configure:21271: test -s conftest
configure:21274: $? = 0
configure:21286: result: yes
configure:21400: checking for string.h
configure:21405: result: yes
configure:21400: checking for strings.h
configure:21405: result: yes
configure:21817: creating ./config.status

## ---------------------- ##
## Running config.status. ##
## ---------------------- ##

This file was extended by config.status, which was
generated by GNU Autoconf 2.59.  Invocation command line was

  CONFIG_FILES    = 
  CONFIG_HEADERS  = 
  CONFIG_LINKS    = 
  CONFIG_COMMANDS = 
  $ ./config.status 

on testbox

config.status:792: creating libdbi.spec
config.status:792: creating Makefile
config.status:792: creating doc/Makefile
config.status:792: creating doc/include/Makefile
config.status:792: creating drivers/Makefile
config.status:792: creating drivers/mysql/Makefile
config.status:792: creating drivers/pgsql/Makefile
config.status:792: creating drivers/sqlite/Makefile
config.status:792: creating drivers/sqlite3/Makefile
config.status:792: creating drivers/msql/Makefile
config.status:792: creating drivers/oracle/Makefile
config.status:792: creating drivers/firebird/Makefile
config.status:792: creating drivers/freetds/Makefile
config.status:792: creating drivers/ingres/Makefile
config.status:792: creating tests/Makefile
config.status:896: creating config.h
config.status:1200: executing depfiles commands

## ---------------- ##
## Cache variables. ##
## ---------------- ##

ac_cv_build=i686-pc-linux-gnu
ac_cv_build_alias=i686-pc-linux-gnu
ac_cv_c_compiler_gnu=yes
ac_cv_cxx_compiler_gnu=yes
ac_cv_env_CC_set=
ac_cv_env_CC_value=
ac_cv_env_CFLAGS_set=
ac_cv_env_CFLAGS_value=
ac_cv_env_CPPFLAGS_set=
ac_cv_env_CPPFLAGS_value=
ac_cv_env_CPP_set=
ac_cv_env_CPP_value=
ac_cv_env_CXXCPP_set=
ac_cv_env_CXXCPP_value=
ac_cv_env_CXXFLAGS_set=
ac_cv_env_CXXFLAGS_value=
ac_cv_env_CXX_set=
ac_cv_env_CXX_value=
ac_cv_env_F77_set=
ac_cv_env_F77_value=
ac_cv_env_FFLAGS_set=
ac_cv_env_FFLAGS_value=
ac_cv_env_LDFLAGS_set=
ac_cv_env_LDFLAGS_value=
ac_cv_env_build_alias_set=
ac_cv_env_build_alias_value=
ac_cv_env_host_alias_set=
ac_cv_env_host_alias_value=
ac_cv_env_target_alias_set=
ac_cv_env_target_alias_value=
ac_cv_exeext=
ac_cv_f77_compiler_gnu=no
ac_cv_func_asprintf=yes
ac_cv_func_atoll=yes
ac_cv_func_strtoll=yes
ac_cv_func_vasprintf=yes
ac_cv_header_dlfcn_h=yes
ac_cv_header_inttypes_h=yes
ac_cv_header_memory_h=yes
ac_cv_header_stdc=yes
ac_cv_header_stdint_h=yes
ac_cv_header_stdlib_h=yes
ac_cv_header_string_h=yes
ac_cv_header_strings_h=yes
ac_cv_header_sys_stat_h=yes
ac_cv_header_sys_types_h=yes
ac_cv_header_unistd_h=yes
ac_cv_host=i686-pc-linux-gnu
ac_cv_host_alias=i686-pc-linux-gnu
ac_cv_objext=o
ac_cv_path_install='/usr/bin/install -c'
ac_cv_prog_AWK=mawk
ac_cv_prog_CPP='gcc -E'
ac_cv_prog_CXXCPP='g++ -E'
ac_cv_prog_ac_ct_AR=ar
ac_cv_prog_ac_ct_CC=gcc
ac_cv_prog_ac_ct_CXX=g++
ac_cv_prog_ac_ct_RANLIB=ranlib
ac_cv_prog_ac_ct_STRIP=strip
ac_cv_prog_cc_g=yes
ac_cv_prog_cc_stdc=
ac_cv_prog_cxx_g=yes
ac_cv_prog_egrep='grep -E'
ac_cv_prog_f77_g=no
ac_cv_prog_make_make_set=yes
am_cv_CC_dependencies_compiler_type=gcc3
am_cv_CXX_dependencies_compiler_type=gcc3
lt_cv_deplibs_check_method=pass_all
lt_cv_file_magic_cmd='$MAGIC_CMD'
lt_cv_file_magic_test_file=
lt_cv_ld_reload_flag=-r
lt_cv_objdir=.libs
lt_cv_path_LD=/usr/bin/ld
lt_cv_path_LDCXX=/usr/bin/ld
lt_cv_path_NM='/usr/bin/nm -B'
lt_cv_path_SED=/bin/sed
lt_cv_prog_compiler_c_o=yes
lt_cv_prog_compiler_c_o_CXX=yes
lt_cv_prog_compiler_rtti_exceptions=no
lt_cv_prog_gnu_ld=yes
lt_cv_prog_gnu_ldcxx=yes
lt_cv_sys_global_symbol_pipe='sed -n -e '\''s/^.*[ 	]\([ABCDGIRSTW][ABCDGIRSTW]*\)[ 	][ 	]*\(\)\([_A-Za-z][_A-Za-z0-9]*\)$/\1 \2\3 \3/p'\'''
lt_cv_sys_global_symbol_to_c_name_address='sed -n -e '\''s/^: \([^ ]*\) $/  {\"\1\", (lt_ptr) 0},/p'\'' -e '\''s/^[BCDEGRST] \([^ ]*\) \([^ ]*\)$/  {"\2", (lt_ptr) \&\2},/p'\'''
lt_cv_sys_global_symbol_to_cdecl='sed -n -e '\''s/^. .* \(.*\)$/extern int \1;/p'\'''
lt_cv_sys_max_cmd_len=32768
lt_lt_cv_prog_compiler_c_o='"yes"'
lt_lt_cv_prog_compiler_c_o_CXX='"yes"'
lt_lt_cv_sys_global_symbol_pipe='"sed -n -e '\''s/^.*[ 	]\\([ABCDGIRSTW][ABCDGIRSTW]*\\)[ 	][ 	]*\\(\\)\\([_A-Za-z][_A-Za-z0-9]*\\)\$/\\1 \\2\\3 \\3/p'\''"'
lt_lt_cv_sys_global_symbol_to_c_name_address='"sed -n -e '\''s/^: \\([^ ]*\\) \$/  {\\\"\\1\\\", (lt_ptr) 0},/p'\'' -e '\''s/^[BCDEGRST] \\([^ ]*\\) \\([^ ]*\\)\$/  {\"\\2\", (lt_ptr) \\&\\2},/p'\''"'
lt_lt_cv_sys_global_symbol_to_cdecl='"sed -n -e '\''s/^. .* \\(.*\\)\$/extern int \\1;/p'\''"'

## ----------------- ##
## Output variables. ##
## ----------------- ##

ACLOCAL='${SHELL} /home/opensrf/Evergreen-ILS-1.6.1.4/libdbi-drivers-0.8.3/missing --run aclocal-1.9'
AMDEPBACKSLASH='\'
AMDEP_FALSE='#'
AMDEP_TRUE=''
AMTAR='${SHELL} /home/opensrf/Evergreen-ILS-1.6.1.4/libdbi-drivers-0.8.3/missing --run tar'
AR='ar'
AS='as'
AUTOCONF='${SHELL} /home/opensrf/Evergreen-ILS-1.6.1.4/libdbi-drivers-0.8.3/missing --run autoconf'
AUTOHEADER='${SHELL} /home/opensrf/Evergreen-ILS-1.6.1.4/libdbi-drivers-0.8.3/missing --run autoheader'
AUTOMAKE='${SHELL} /home/opensrf/Evergreen-ILS-1.6.1.4/libdbi-drivers-0.8.3/missing --run automake-1.9'
AWK='mawk'
BUILDDOCS_FALSE=''
BUILDDOCS_TRUE='#'
CC='gcc'
CCDEPMODE='depmode=gcc3'
CFLAGS='-O20 -ffast-math -D_REENTRANT -fsigned-char'
CPP='gcc -E'
CPPFLAGS=''
CXX='g++'
CXXCPP='g++ -E'
CXXDEPMODE='depmode=gcc3'
CXXFLAGS='-g -O2'
CYGPATH_W='echo'
DBI_INCLUDE='-I/usr/local/include'
DEBUG='-g -Wall -D_REENTRANT -D__NO_MATH_INLINES -fsigned-char'
DEFS='-DHAVE_CONFIG_H'
DEPDIR='.deps'
DLLTOOL='dlltool'
ECHO='echo'
ECHO_C=''
ECHO_N='-n'
ECHO_T=''
EGREP='grep -E'
EXEEXT=''
F77=''
FFLAGS=''
FIREBIRD_INCLUDE=''
FIREBIRD_LDFLAGS=''
FIREBIRD_LIBS=''
FREETDS_INCLUDE=''
FREETDS_LDFLAGS=''
FREETDS_LIBS=''
HAVE_DBI_FALSE='#'
HAVE_DBI_TRUE=''
HAVE_FIREBIRD_INTERBASE_FALSE=''
HAVE_FIREBIRD_INTERBASE_TRUE='#'
HAVE_FREETDS_FALSE=''
HAVE_FREETDS_TRUE='#'
HAVE_INGRES_FALSE=''
HAVE_INGRES_TRUE='#'
HAVE_MSQL_FALSE=''
HAVE_MSQL_TRUE='#'
HAVE_MYSQL_FALSE=''
HAVE_MYSQL_TRUE='#'
HAVE_ORACLE_FALSE=''
HAVE_ORACLE_TRUE='#'
HAVE_PGSQL_FALSE='#'
HAVE_PGSQL_TRUE=''
HAVE_SQLITE3_FALSE=''
HAVE_SQLITE3_TRUE='#'
HAVE_SQLITE_FALSE=''
HAVE_SQLITE_TRUE='#'
INGRES_INCLUDE=''
INGRES_LDFLAGS=''
INGRES_LIBS=''
INSTALL_DATA='${INSTALL} -m 644'
INSTALL_PROGRAM='${INSTALL}'
INSTALL_SCRIPT='${INSTALL}'
INSTALL_STRIP_PROGRAM='${SHELL} $(install_sh) -c -s'
LDFLAGS=''
LIBADD_LIBDBI=''
LIBOBJS=''
LIBS=''
LIBTOOL='$(SHELL) $(top_builddir)/libtool'
LN_S='ln -s'
LTLIBOBJS=''
MAINT='#'
MAINTAINER_MODE_FALSE=''
MAINTAINER_MODE_TRUE='#'
MAKEINFO='${SHELL} /home/opensrf/Evergreen-ILS-1.6.1.4/libdbi-drivers-0.8.3/missing --run makeinfo'
MSQL_INCLUDE=''
MSQL_LDFLAGS=''
MSQL_LIBS=''
MYSQL_INCLUDE=''
MYSQL_LDFLAGS=''
MYSQL_LIBS=''
OBJDUMP='objdump'
OBJEXT='o'
ORACLE_INCLUDE=''
ORACLE_LDFLAGS=''
ORACLE_LIBS=''
PACKAGE='libdbi-drivers'
PACKAGE_BUGREPORT=''
PACKAGE_NAME=''
PACKAGE_STRING=''
PACKAGE_TARNAME=''
PACKAGE_VERSION=''
PATH_SEPARATOR=':'
PGSQL_INCLUDE='-I/usr/include/postgresql'
PGSQL_LDFLAGS='-L/usr/lib'
PGSQL_LIBS='-lpq'
PROFILE='-pg -g -O20 -ffast-math -D_REENTRANT -fsigned-char'
RANLIB='ranlib'
SET_MAKE=''
SHELL='/bin/sh'
SQLITE3_INCLUDE=''
SQLITE3_LDFLAGS=''
SQLITE3_LIBS=''
SQLITE_INCLUDE=''
SQLITE_LDFLAGS=''
SQLITE_LIBS=''
STRIP='strip'
VERSION='0.8.3'
ac_ct_AR='ar'
ac_ct_AS=''
ac_ct_CC='gcc'
ac_ct_CXX='g++'
ac_ct_DLLTOOL=''
ac_ct_F77=''
ac_ct_OBJDUMP=''
ac_ct_RANLIB='ranlib'
ac_ct_STRIP='strip'
am__fastdepCC_FALSE='#'
am__fastdepCC_TRUE=''
am__fastdepCXX_FALSE='#'
am__fastdepCXX_TRUE=''
am__include='include'
am__leading_dot='.'
am__quote=''
am__tar='${AMTAR} chof - "$$tardir"'
am__untar='${AMTAR} xf -'
bindir='${exec_prefix}/bin'
build='i686-pc-linux-gnu'
build_alias=''
build_cpu='i686'
build_os='linux-gnu'
build_vendor='pc'
datadir='${prefix}/share'
docs_subdirs=''
driverdir='${exec_prefix}/lib/dbd'
exec_prefix='${prefix}'
host='i686-pc-linux-gnu'
host_alias=''
host_cpu='i686'
host_os='linux-gnu'
host_vendor='pc'
includedir='${prefix}/include'
infodir='${prefix}/info'
install_sh='/home/opensrf/Evergreen-ILS-1.6.1.4/libdbi-drivers-0.8.3/install-sh'
libdir='${exec_prefix}/lib'
libexecdir='${exec_prefix}/libexec'
localstatedir='${prefix}/var'
mandir='${prefix}/man'
mkdir_p='mkdir -p --'
oldincludedir='/usr/include'
prefix='/usr/local'
program_transform_name='s,x,x,'
sbindir='${exec_prefix}/sbin'
sharedstatedir='${prefix}/com'
sysconfdir='${prefix}/etc'
target_alias=''

## ----------- ##
## confdefs.h. ##
## ----------- ##

#define DLOPEN_FLAG RTLD_NOW
#define DRIVER_EXT ".so"
#define HAVE_ASPRINTF 1
#define HAVE_ATOLL 1
#define HAVE_DLFCN_H 1
#define HAVE_INTTYPES_H 1
#define HAVE_MEMORY_H 1
#define HAVE_STDINT_H 1
#define HAVE_STDLIB_H 1
#define HAVE_STRINGS_H 1
#define HAVE_STRINGS_H 1
#define HAVE_STRING_H 1
#define HAVE_STRING_H 1
#define HAVE_STRTOLL 1
#define HAVE_SYS_STAT_H 1
#define HAVE_SYS_TYPES_H 1
#define HAVE_UNISTD_H 1
#define HAVE_VASPRINTF 1
#define PACKAGE "libdbi-drivers"
#define PACKAGE_BUGREPORT ""
#define PACKAGE_NAME ""
#define PACKAGE_STRING ""
#define PACKAGE_TARNAME ""
#define PACKAGE_VERSION ""
#define STDC_HEADERS 1
#define VERSION "0.8.3"
#endif
#ifdef __cplusplus
extern "C" void exit (int) throw ();

configure: exit 0
